<?xml version="1.0" encoding="UTF-8"?>
<!-- Generated by org.testng.reporters.JUnitReportReporter -->
<testsuite skipped="0" hostname="DESKTOP-F023JSH" name="feature.Run1" tests="1" failures="0" timestamp="14 Jul 2019 13:23:20 GMT" time="0.849" errors="1">
  <testcase name="runScenario" time="0.849" classname="feature.Run1">
    <error type="java.lang.NullPointerException">
      <![CDATA[java.lang.NullPointerException
at pages.MyHomePage.clickLeadsTab(MyHomePage.java:12)
at ✽.The User is on HomePage and clicks on Leads Button(file:src/main/java/feature/Delete.feature:5)
]]>
    </error>
  </testcase> <!-- runScenario -->
</testsuite> <!-- feature.Run1 -->
